<?xml version="1.0" encoding="UTF-8"?>
<testsuite xmlns:xsi="http://www.w3.org/2001/XMLSchema-instance" xsi:noNamespaceSchemaLocation="https://maven.apache.org/surefire/maven-surefire-plugin/xsd/surefire-test-report-3.0.xsd" version="3.0" name="ar.edu.uade.moviePlay.MoviePlayApplicationTests" time="12.321" tests="1" errors="0" skipped="0" failures="0">
  <properties>
[...]
</properties>
  <testcase name="contextLoads" classname="ar.edu.uade.moviePlay.MoviePlayApplicationTests" time="0.446">
    <system-out><![CDATA[17:13:17.769 [main] INFO org.springframework.test.context.support.AnnotationConfigContextLoaderUtils -- Could not detect default configuration classes for test class [ar.edu.uade.moviePlay.MoviePlayApplicationTests]: MoviePlayApplicationTests does not declare any static, non-private, non-final, nested classes annotated with @Configuration.
17:13:17.994 [main] INFO org.springframework.boot.test.context.SpringBootTestContextBootstrapper -- Found @SpringBootConfiguration ar.edu.uade.moviePlay.MoviePlayApplication for test class ar.edu.uade.moviePlay.MoviePlayApplicationTests

  .   ____          _            __ _ _
 /\\ / ___'_ __ _ _(_)_ __  __ _ \ \ \ \
( ( )\___ | '_ | '_| | '_ \/ _` | \ \ \ \
 \\/  ___)| |_)| | | | | || (_| |  ) ) ) )
  '  |____| .__|_| |_|_| |_\__, | / / / /
 =========|_|==============|___/=/_/_/_/
 :: Spring Boot ::                (v3.2.4)

2024-05-30T17:13:19.067-03:00  INFO 2908 --- [           main] a.e.u.m.MoviePlayApplicationTests        : Starting MoviePlayApplicationTests using Java 17.0.11 with PID 2908 (started by solmu in C:\Users\solmu\Downloads\Desarrollo de Aplicaciones I\App\MoviePlayAPI)
2024-05-30T17:13:19.069-03:00  INFO 2908 --- [           main] a.e.u.m.MoviePlayApplicationTests        : The following 1 profile is active: "${SCOPE}"
2024-05-30T17:13:20.592-03:00  INFO 2908 --- [           main] .s.d.r.c.RepositoryConfigurationDelegate : Bootstrapping Spring Data JPA repositories in DEFAULT mode.
2024-05-30T17:13:20.954-03:00  INFO 2908 --- [           main] .s.d.r.c.RepositoryConfigurationDelegate : Finished Spring Data repository scanning in 338 ms. Found 2 JPA repository interfaces.
2024-05-30T17:13:22.019-03:00  INFO 2908 --- [           main] com.zaxxer.hikari.HikariDataSource       : HikariPool-1 - Starting...
2024-05-30T17:13:22.518-03:00  INFO 2908 --- [           main] com.zaxxer.hikari.pool.HikariPool        : HikariPool-1 - Added connection conn0: url=jdbc:h2:mem:movieplay user=ADMIN
2024-05-30T17:13:22.520-03:00  INFO 2908 --- [           main] com.zaxxer.hikari.HikariDataSource       : HikariPool-1 - Start completed.
2024-05-30T17:13:22.692-03:00  INFO 2908 --- [           main] o.hibernate.jpa.internal.util.LogHelper  : HHH000204: Processing PersistenceUnitInfo [name: default]
2024-05-30T17:13:22.890-03:00  INFO 2908 --- [           main] org.hibernate.Version                    : HHH000412: Hibernate ORM core version 6.4.4.Final
2024-05-30T17:13:23.000-03:00  INFO 2908 --- [           main] o.h.c.internal.RegionFactoryInitiator    : HHH000026: Second-level cache disabled
2024-05-30T17:13:23.785-03:00  INFO 2908 --- [           main] o.s.o.j.p.SpringPersistenceUnitInfo      : No LoadTimeWeaver setup: ignoring JPA class transformer
2024-05-30T17:13:26.211-03:00  INFO 2908 --- [           main] o.h.e.t.j.p.i.JtaPlatformInitiator       : HHH000489: No JTA platform available (set 'hibernate.transaction.jta.platform' to enable JTA platform integration)
2024-05-30T17:13:26.317-03:00  INFO 2908 --- [           main] j.LocalContainerEntityManagerFactoryBean : Initialized JPA EntityManagerFactory for persistence unit 'default'
2024-05-30T17:13:28.367-03:00  INFO 2908 --- [           main] o.s.s.web.DefaultSecurityFilterChain     : Will secure any request with [org.springframework.security.web.session.DisableEncodeUrlFilter@7fd7965b, org.springframework.security.web.context.request.async.WebAsyncManagerIntegrationFilter@9742012, org.springframework.security.web.context.SecurityContextHolderFilter@7212d3df, org.springframework.security.web.header.HeaderWriterFilter@4d6f951a, org.springframework.web.filter.CorsFilter@118d7e0e, org.springframework.security.web.authentication.logout.LogoutFilter@541d8a9e, ar.edu.uade.moviePlay.config.JwtAuthenticationFilter@2ffaa711, org.springframework.security.web.authentication.www.BasicAuthenticationFilter@4ef7145f, org.springframework.security.web.savedrequest.RequestCacheAwareFilter@6ff05f85, org.springframework.security.web.servletapi.SecurityContextHolderAwareRequestFilter@15ff247b, org.springframework.security.web.authentication.AnonymousAuthenticationFilter@39ff4421, org.springframework.security.web.session.SessionManagementFilter@7271320c, org.springframework.security.web.access.ExceptionTranslationFilter@55854382, org.springframework.security.web.access.intercept.AuthorizationFilter@125bc00d]
2024-05-30T17:13:29.043-03:00  INFO 2908 --- [           main] o.s.b.a.h2.H2ConsoleAutoConfiguration    : H2 console available at '/h2'. Database available at 'jdbc:h2:mem:movieplay'
2024-05-30T17:13:29.232-03:00  INFO 2908 --- [           main] a.e.u.m.MoviePlayApplicationTests        : Started MoviePlayApplicationTests in 10.817 seconds (process running for 13.03)
]]></system-out>
  </testcase>
</testsuite>