<?xml version="1.0" encoding="UTF-8"?>
<testsuite xmlns:xsi="http://www.w3.org/2001/XMLSchema-instance" xsi:noNamespaceSchemaLocation="https://maven.apache.org/surefire/maven-surefire-plugin/xsd/surefire-test-report-3.0.xsd" version="3.0" name="ar.edu.uade.moviePlay.MovieTests.TestApiMovies" time="2.416" tests="1" errors="0" skipped="0" failures="0">
  <properties>
[...]
</properties>
  <testcase name="testGetMovies" classname="ar.edu.uade.moviePlay.MovieTests.TestApiMovies" time="2.341">
    <system-out><![CDATA[2024-05-30T17:13:29.733-03:00  INFO 2908 --- [           main] t.c.s.AnnotationConfigContextLoaderUtils : Could not detect default configuration classes for test class [ar.edu.uade.moviePlay.MovieTests.TestApiMovies]: TestApiMovies does not declare any static, non-private, non-final, nested classes annotated with @Configuration.
2024-05-30T17:13:29.798-03:00  INFO 2908 --- [           main] .b.t.c.SpringBootTestContextBootstrapper : Found @SpringBootConfiguration ar.edu.uade.moviePlay.MoviePlayApplication for test class ar.edu.uade.moviePlay.MovieTests.TestApiMovies
2024-05-30T17:13:32.142-03:00  INFO 2908 --- [           main] a.e.u.m.MovieTests.TestApiMovies         : Movies: GetMovieDTO(results=[MovieDTO(id=653346, backdrop_path=/fqv8v6AycXKsivp1T5yKtLbGXce.jpg), MovieDTO(id=929590, backdrop_path=/z121dSTR7PY9KxKuvwiIFSYW8cf.jpg), MovieDTO(id=823464, backdrop_path=/qrGtVFxaD8c7et0jUtaYhyTzzPg.jpg), MovieDTO(id=746036, backdrop_path=/H5HjE7Xb9N09rbWn1zBfxgI8uz.jpg), MovieDTO(id=614933, backdrop_path=/3TNSoa0UHGEzEz5ndXGjJVKo8RJ.jpg), MovieDTO(id=882059, backdrop_path=/1m1rXopfNDVL3UMiv6kriYaJ3yE.jpg), MovieDTO(id=786892, backdrop_path=/q8IEFmEGGSGmAWfwRs23XDwdFN4.jpg), MovieDTO(id=1219685, backdrop_path=/iafs5DG5fGq7ef0acl3xlX4BFrs.jpg), MovieDTO(id=693134, backdrop_path=/xOMo8BRK7PfcJv9JCnx7s5hj0PX.jpg), MovieDTO(id=1011985, backdrop_path=/kYgQzzjNis5jJalYtIHgrom0gOx.jpg), MovieDTO(id=719221, backdrop_path=/otfoeC96neoOdA4HqsX06OWuzE9.jpg), MovieDTO(id=437342, backdrop_path=/tkHQ7tnYYUEnqlrKuhufIsSVToU.jpg), MovieDTO(id=940721, backdrop_path=/fY3lD0jM5AoHJMunjGWqJ0hRteI.jpg), MovieDTO(id=385687, backdrop_path=/4XM8DUTQb3lhLemJC51Jx4a2EuA.jpg), MovieDTO(id=872585, backdrop_path=/nb3xI8XI3w4pMVZ38VijbsyBqP4.jpg), MovieDTO(id=748783, backdrop_path=/vWzJDjLPmycnQ42IppEjMpIhrhc.jpg), MovieDTO(id=660360, backdrop_path=/42rp8MkwOEFA62wwgKcuOpP8Fjb.jpg), MovieDTO(id=482706, backdrop_path=/Aplu2eOGXreDrPsnggjeGblW3bW.jpg), MovieDTO(id=346698, backdrop_path=/ctMserH8g2SeOAnCw5gFjdQF8mo.jpg), MovieDTO(id=206647, backdrop_path=/8lBViysvNJBPkl6zG1LVAaW3qhj.jpg)])
]]></system-out>
  </testcase>
</testsuite>